<?xml version="1.0" encoding="UTF-8"?>
<!-- Generated by org.testng.reporters.JUnitReportReporter -->
<testsuite hostname="LAPTOP-AO6ADSC1" name="com.csrk.tests.TestManagement" tests="1" failures="0" timestamp="11 Nov 2016 03:00:46 GMT" time="9.857" errors="0">
  <testcase name="clickManagement" time="9.857" classname="com.csrk.tests.TestManagement"/>
</testsuite> <!-- com.csrk.tests.TestManagement -->
